[0.297s] Invoking command in '/workspaces/try1/src/my_project_pkg': PYTHONPATH=/workspaces/try1/build/my_project_pkg/prefix_override:/workspaces/try1/install/my_project_pkg/lib/python3.10/site-packages: /usr/bin/python3 -W ignore:setup.py install is deprecated setup.py egg_info --egg-base ../../build/my_project_pkg build --build-base /workspaces/try1/build/my_project_pkg/build install --record /workspaces/try1/build/my_project_pkg/install.log --single-version-externally-managed install_data
[0.403s] running egg_info
[0.403s] creating ../../build/my_project_pkg/my_project_pkg.egg-info
[0.403s] writing ../../build/my_project_pkg/my_project_pkg.egg-info/PKG-INFO
[0.403s] writing dependency_links to ../../build/my_project_pkg/my_project_pkg.egg-info/dependency_links.txt
[0.403s] writing entry points to ../../build/my_project_pkg/my_project_pkg.egg-info/entry_points.txt
[0.404s] writing requirements to ../../build/my_project_pkg/my_project_pkg.egg-info/requires.txt
[0.404s] writing top-level names to ../../build/my_project_pkg/my_project_pkg.egg-info/top_level.txt
[0.404s] writing manifest file '../../build/my_project_pkg/my_project_pkg.egg-info/SOURCES.txt'
[0.405s] reading manifest file '../../build/my_project_pkg/my_project_pkg.egg-info/SOURCES.txt'
[0.405s] writing manifest file '../../build/my_project_pkg/my_project_pkg.egg-info/SOURCES.txt'
[0.405s] running build
[0.405s] running build_py
[0.405s] creating /workspaces/try1/build/my_project_pkg/build
[0.405s] creating /workspaces/try1/build/my_project_pkg/build/lib
[0.405s] creating /workspaces/try1/build/my_project_pkg/build/lib/my_project_pkg
[0.405s] copying my_project_pkg/__init__.py -> /workspaces/try1/build/my_project_pkg/build/lib/my_project_pkg
[0.405s] copying my_project_pkg/camera_calibrate_params.py -> /workspaces/try1/build/my_project_pkg/build/lib/my_project_pkg
[0.405s] copying my_project_pkg/optical_flow_node.py -> /workspaces/try1/build/my_project_pkg/build/lib/my_project_pkg
[0.406s] running install
[0.406s] running install_lib
[0.406s] creating /workspaces/try1/install/my_project_pkg/lib/python3.10/site-packages/my_project_pkg
[0.406s] copying /workspaces/try1/build/my_project_pkg/build/lib/my_project_pkg/__init__.py -> /workspaces/try1/install/my_project_pkg/lib/python3.10/site-packages/my_project_pkg
[0.406s] copying /workspaces/try1/build/my_project_pkg/build/lib/my_project_pkg/camera_calibrate_params.py -> /workspaces/try1/install/my_project_pkg/lib/python3.10/site-packages/my_project_pkg
[0.406s] copying /workspaces/try1/build/my_project_pkg/build/lib/my_project_pkg/optical_flow_node.py -> /workspaces/try1/install/my_project_pkg/lib/python3.10/site-packages/my_project_pkg
[0.407s] byte-compiling /workspaces/try1/install/my_project_pkg/lib/python3.10/site-packages/my_project_pkg/__init__.py to __init__.cpython-310.pyc
[0.407s] byte-compiling /workspaces/try1/install/my_project_pkg/lib/python3.10/site-packages/my_project_pkg/camera_calibrate_params.py to camera_calibrate_params.cpython-310.pyc
[0.407s] byte-compiling /workspaces/try1/install/my_project_pkg/lib/python3.10/site-packages/my_project_pkg/optical_flow_node.py to optical_flow_node.cpython-310.pyc
[0.410s] running install_data
[0.410s] creating /workspaces/try1/install/my_project_pkg/share/ament_index
[0.410s] creating /workspaces/try1/install/my_project_pkg/share/ament_index/resource_index
[0.410s] creating /workspaces/try1/install/my_project_pkg/share/ament_index/resource_index/packages
[0.410s] copying resource/my_project_pkg -> /workspaces/try1/install/my_project_pkg/share/ament_index/resource_index/packages
[0.410s] copying package.xml -> /workspaces/try1/install/my_project_pkg/share/my_project_pkg
[0.410s] running install_egg_info
[0.411s] Copying ../../build/my_project_pkg/my_project_pkg.egg-info to /workspaces/try1/install/my_project_pkg/lib/python3.10/site-packages/my_project_pkg-0.0.0-py3.10.egg-info
[0.412s] running install_scripts
[0.426s] Installing optical_flow_run script to /workspaces/try1/install/my_project_pkg/lib/my_project_pkg
[0.426s] writing list of installed files to '/workspaces/try1/build/my_project_pkg/install.log'
[0.444s] Invoked command in '/workspaces/try1/src/my_project_pkg' returned '0': PYTHONPATH=/workspaces/try1/build/my_project_pkg/prefix_override:/workspaces/try1/install/my_project_pkg/lib/python3.10/site-packages: /usr/bin/python3 -W ignore:setup.py install is deprecated setup.py egg_info --egg-base ../../build/my_project_pkg build --build-base /workspaces/try1/build/my_project_pkg/build install --record /workspaces/try1/build/my_project_pkg/install.log --single-version-externally-managed install_data
